<?xml version="1.0" encoding="UTF-8"?>
<testng-results skipped="0" failed="0" ignored="0" total="2" passed="2">
  <reporter-output>
  </reporter-output>
  <suite name="Default suite" duration-ms="47609" started-at="2018-05-20T05:32:09Z" finished-at="2018-05-20T05:32:57Z">
    <groups>
    </groups>
    <test name="Default test" duration-ms="47609" started-at="2018-05-20T05:32:09Z" finished-at="2018-05-20T05:32:57Z">
      <class name="testcases.TC003_CreateLead">
        <test-method status="PASS" signature="beforeSuite()[pri:0, instance:testcases.TC003_CreateLead@3708b3]" name="beforeSuite" is-config="true" duration-ms="469" started-at="2018-05-20T05:32:08Z" finished-at="2018-05-20T05:32:09Z">
          <reporter-output>
          </reporter-output>
        </test-method> <!-- beforeSuite -->
        <test-method status="PASS" signature="setData()[pri:0, instance:testcases.TC003_CreateLead@3708b3]" name="setData" is-config="true" duration-ms="0" started-at="2018-05-20T05:32:09Z" finished-at="2018-05-20T05:32:09Z">
          <reporter-output>
          </reporter-output>
        </test-method> <!-- setData -->
        <test-method status="PASS" signature="beforeClass()[pri:0, instance:testcases.TC003_CreateLead@3708b3]" name="beforeClass" is-config="true" duration-ms="0" started-at="2018-05-20T05:32:09Z" finished-at="2018-05-20T05:32:09Z">
          <reporter-output>
          </reporter-output>
        </test-method> <!-- beforeClass -->
        <test-method status="PASS" signature="beforeMethod()[pri:0, instance:testcases.TC003_CreateLead@3708b3]" name="beforeMethod" is-config="true" duration-ms="5324" started-at="2018-05-20T05:32:10Z" finished-at="2018-05-20T05:32:15Z">
          <reporter-output>
          </reporter-output>
        </test-method> <!-- beforeMethod -->
        <test-method status="PASS" signature="CreateLead(java.lang.String, java.lang.String, java.lang.String, java.lang.String, java.lang.String, java.lang.String)[pri:0, instance:testcases.TC003_CreateLead@3708b3]" name="CreateLead" duration-ms="18022" started-at="2018-05-20T05:32:15Z" data-provider="fetchData" finished-at="2018-05-20T05:32:33Z">
          <params>
            <param index="0">
              <value>
                <![CDATA[DemoSalesManager]]>
              </value>
            </param>
            <param index="1">
              <value>
                <![CDATA[crmsfa]]>
              </value>
            </param>
            <param index="2">
              <value>
                <![CDATA[Hex]]>
              </value>
            </param>
            <param index="3">
              <value>
                <![CDATA[Soumendra]]>
              </value>
            </param>
            <param index="4">
              <value>
                <![CDATA[Sahoo]]>
              </value>
            </param>
            <param index="5">
              <value>
                <![CDATA[Hex]]>
              </value>
            </param>
          </params>
          <reporter-output>
          </reporter-output>
        </test-method> <!-- CreateLead -->
        <test-method status="PASS" signature="afterMethod()[pri:0, instance:testcases.TC003_CreateLead@3708b3]" name="afterMethod" is-config="true" duration-ms="753" started-at="2018-05-20T05:32:33Z" finished-at="2018-05-20T05:32:34Z">
          <reporter-output>
          </reporter-output>
        </test-method> <!-- afterMethod -->
        <test-method status="PASS" signature="beforeMethod()[pri:0, instance:testcases.TC003_CreateLead@3708b3]" name="beforeMethod" is-config="true" duration-ms="6993" started-at="2018-05-20T05:32:34Z" finished-at="2018-05-20T05:32:41Z">
          <reporter-output>
          </reporter-output>
        </test-method> <!-- beforeMethod -->
        <test-method status="PASS" signature="CreateLead(java.lang.String, java.lang.String, java.lang.String, java.lang.String, java.lang.String, java.lang.String)[pri:0, instance:testcases.TC003_CreateLead@3708b3]" name="CreateLead" duration-ms="14798" started-at="2018-05-20T05:32:41Z" data-provider="fetchData" finished-at="2018-05-20T05:32:56Z">
          <params>
            <param index="0">
              <value>
                <![CDATA[DemoCSR]]>
              </value>
            </param>
            <param index="1">
              <value>
                <![CDATA[crmsfa]]>
              </value>
            </param>
            <param index="2">
              <value>
                <![CDATA[CTS]]>
              </value>
            </param>
            <param index="3">
              <value>
                <![CDATA[Sheik]]>
              </value>
            </param>
            <param index="4">
              <value>
                <![CDATA[Mohammed]]>
              </value>
            </param>
            <param index="5">
              <value>
                <![CDATA[CTS]]>
              </value>
            </param>
          </params>
          <reporter-output>
          </reporter-output>
        </test-method> <!-- CreateLead -->
        <test-method status="PASS" signature="afterMethod()[pri:0, instance:testcases.TC003_CreateLead@3708b3]" name="afterMethod" is-config="true" duration-ms="828" started-at="2018-05-20T05:32:56Z" finished-at="2018-05-20T05:32:57Z">
          <reporter-output>
          </reporter-output>
        </test-method> <!-- afterMethod -->
        <test-method status="PASS" signature="afterTest()[pri:0, instance:testcases.TC003_CreateLead@3708b3]" name="afterTest" is-config="true" duration-ms="0" started-at="2018-05-20T05:32:57Z" finished-at="2018-05-20T05:32:57Z">
          <reporter-output>
          </reporter-output>
        </test-method> <!-- afterTest -->
        <test-method status="PASS" signature="afterSuite()[pri:0, instance:testcases.TC003_CreateLead@3708b3]" name="afterSuite" is-config="true" duration-ms="404" started-at="2018-05-20T05:32:57Z" finished-at="2018-05-20T05:32:57Z">
          <reporter-output>
          </reporter-output>
        </test-method> <!-- afterSuite -->
      </class> <!-- testcases.TC003_CreateLead -->
    </test> <!-- Default test -->
  </suite> <!-- Default suite -->
</testng-results>
